# JRE version: Java(TM) SE Runtime Environment (8.0_45-b14) (build 1.8.0_45-b14)
# Java VM: Java HotSpot(TM) 64-Bit Server VM (25.45-b02 mixed mode linux-amd64 compressed oops)
Heap:
 PSYoungGen      total 783360K, used 275439K [0x000000076ab00000, 0x00000007ac880000, 0x00000007c0000000)
  eden space 507904K, 0% used [0x000000076ab00000,0x000000076ab00000,0x0000000789b00000)
  from space 275456K, 99% used [0x0000000789b00000,0x000000079a7fbc30,0x000000079a800000)
  to   space 243712K, 0% used [0x000000079a800000,0x000000079a800000,0x00000007a9600000)
 ParOldGen       total 734720K, used 572272K [0x00000006c0000000, 0x00000006ecd80000, 0x000000076ab00000)
  object space 734720K, 77% used [0x00000006c0000000,0x00000006e2edc110,0x00000006ecd80000)
 Metaspace       used 6675K, capacity 7384K, committed 7680K, reserved 1056768K
  class space    used 619K, capacity 656K, committed 768K, reserved 1048576K
GC Heap History (10 events):
Event: 35.474 GC heap after
Heap after GC invocations=24 (full 5):
 PSYoungGen      total 594944K, used 150055K [0x000000076ab00000, 0x000000079f780000, 0x00000007c0000000)
  eden space 438272K, 0% used [0x000000076ab00000,0x000000076ab00000,0x0000000785700000)
  from space 156672K, 95% used [0x0000000785700000,0x000000078e989d08,0x000000078f000000)
  to   space 180736K, 0% used [0x0000000794700000,0x0000000794700000,0x000000079f780000)
 ParOldGen       total 526848K, used 361298K [0x00000006c0000000, 0x00000006e0280000, 0x000000076ab00000)
  object space 526848K, 68% used [0x00000006c0000000,0x00000006d60d4ba0,0x00000006e0280000)
 Metaspace       used 6553K, capacity 7286K, committed 7552K, reserved 1056768K
  class space    used 611K, capacity 622K, committed 640K, reserved 1048576K
}
Event: 38.280 GC heap before
{Heap before GC invocations=25 (full 5):
 PSYoungGen      total 594944K, used 588327K [0x000000076ab00000, 0x000000079f780000, 0x00000007c0000000)
  eden space 438272K, 100% used [0x000000076ab00000,0x0000000785700000,0x0000000785700000)
  from space 156672K, 95% used [0x0000000785700000,0x000000078e989d08,0x000000078f000000)
  to   space 180736K, 0% used [0x0000000794700000,0x0000000794700000,0x000000079f780000)
 ParOldGen       total 526848K, used 361298K [0x00000006c0000000, 0x00000006e0280000, 0x000000076ab00000)
  object space 526848K, 68% used [0x00000006c0000000,0x00000006d60d4ba0,0x00000006e0280000)
 Metaspace       used 6554K, capacity 7286K, committed 7552K, reserved 1056768K
  class space    used 611K, capacity 622K, committed 640K, reserved 1048576K
Event: 39.125 GC heap after
Heap after GC invocations=25 (full 5):
 PSYoungGen      total 640512K, used 180722K [0x000000076ab00000, 0x00000007a5200000, 0x00000007c0000000)
  eden space 459776K, 0% used [0x000000076ab00000,0x000000076ab00000,0x0000000786c00000)
  from space 180736K, 99% used [0x0000000794700000,0x000000079f77c910,0x000000079f780000)
  to   space 224256K, 0% used [0x0000000786c00000,0x0000000786c00000,0x0000000794700000)
 ParOldGen       total 526848K, used 395464K [0x00000006c0000000, 0x00000006e0280000, 0x000000076ab00000)
  object space 526848K, 75% used [0x00000006c0000000,0x00000006d8232230,0x00000006e0280000)
 Metaspace       used 6554K, capacity 7286K, committed 7552K, reserved 1056768K
  class space    used 611K, capacity 622K, committed 640K, reserved 1048576K
}
Event: 41.733 GC heap before
{Heap before GC invocations=26 (full 5):
 PSYoungGen      total 640512K, used 640498K [0x000000076ab00000, 0x00000007a5200000, 0x00000007c0000000)
  eden space 459776K, 100% used [0x000000076ab00000,0x0000000786c00000,0x0000000786c00000)
  from space 180736K, 99% used [0x0000000794700000,0x000000079f77c910,0x000000079f780000)
  to   space 224256K, 0% used [0x0000000786c00000,0x0000000786c00000,0x0000000794700000)
 ParOldGen       total 526848K, used 395464K [0x00000006c0000000, 0x00000006e0280000, 0x000000076ab00000)
  object space 526848K, 75% used [0x00000006c0000000,0x00000006d8232230,0x00000006e0280000)
 Metaspace       used 6566K, capacity 7286K, committed 7552K, reserved 1056768K
  class space    used 612K, capacity 622K, committed 640K, reserved 1048576K
Event: 42.677 GC heap after
Heap after GC invocations=26 (full 5):
 PSYoungGen      total 684032K, used 173502K [0x000000076ab00000, 0x00000007a9600000, 0x00000007c0000000)
  eden space 459776K, 0% used [0x000000076ab00000,0x000000076ab00000,0x0000000786c00000)
  from space 224256K, 77% used [0x0000000786c00000,0x000000079156fa28,0x0000000794700000)
  to   space 243712K, 0% used [0x000000079a800000,0x000000079a800000,0x00000007a9600000)
 ParOldGen       total 526848K, used 470688K [0x00000006c0000000, 0x00000006e0280000, 0x000000076ab00000)
  object space 526848K, 89% used [0x00000006c0000000,0x00000006dcba8100,0x00000006e0280000)
 Metaspace       used 6566K, capacity 7286K, committed 7552K, reserved 1056768K
  class space    used 612K, capacity 622K, committed 640K, reserved 1048576K
}
Event: 42.683 GC heap before
{Heap before GC invocations=27 (full 6):
 PSYoungGen      total 684032K, used 173502K [0x000000076ab00000, 0x00000007a9600000, 0x00000007c0000000)
  eden space 459776K, 0% used [0x000000076ab00000,0x000000076ab00000,0x0000000786c00000)
  from space 224256K, 77% used [0x0000000786c00000,0x000000079156fa28,0x0000000794700000)
  to   space 243712K, 0% used [0x000000079a800000,0x000000079a800000,0x00000007a9600000)
 ParOldGen       total 526848K, used 470688K [0x00000006c0000000, 0x00000006e0280000, 0x000000076ab00000)
  object space 526848K, 89% used [0x00000006c0000000,0x00000006dcba8100,0x00000006e0280000)
 Metaspace       used 6566K, capacity 7286K, committed 7552K, reserved 1056768K
  class space    used 612K, capacity 622K, committed 640K, reserved 1048576K
Event: 50.110 GC heap after
Heap after GC invocations=27 (full 6):
 PSYoungGen      total 684032K, used 113106K [0x000000076ab00000, 0x00000007a9600000, 0x00000007c0000000)
  eden space 459776K, 0% used [0x000000076ab00000,0x000000076ab00000,0x0000000786c00000)
  from space 224256K, 50% used [0x0000000786c00000,0x000000078da74a90,0x0000000794700000)
  to   space 243712K, 0% used [0x000000079a800000,0x000000079a800000,0x00000007a9600000)
 ParOldGen       total 734720K, used 526626K [0x00000006c0000000, 0x00000006ecd80000, 0x000000076ab00000)
  object space 734720K, 71% used [0x00000006c0000000,0x00000006e0248920,0x00000006ecd80000)
 Metaspace       used 6566K, capacity 7286K, committed 7552K, reserved 1056768K
  class space    used 612K, capacity 622K, committed 640K, reserved 1048576K
}
Event: 58.346 GC heap before
{Heap before GC invocations=28 (full 6):
 PSYoungGen      total 684032K, used 572882K [0x000000076ab00000, 0x00000007a9600000, 0x00000007c0000000)
  eden space 459776K, 100% used [0x000000076ab00000,0x0000000786c00000,0x0000000786c00000)
  from space 224256K, 50% used [0x0000000786c00000,0x000000078da74a90,0x0000000794700000)
  to   space 243712K, 0% used [0x000000079a800000,0x000000079a800000,0x00000007a9600000)
 ParOldGen       total 734720K, used 526626K [0x00000006c0000000, 0x00000006ecd80000, 0x000000076ab00000)
  object space 734720K, 71% used [0x00000006c0000000,0x00000006e0248920,0x00000006ecd80000)
 Metaspace       used 6672K, capacity 7384K, committed 7680K, reserved 1056768K
  class space    used 619K, capacity 656K, committed 768K, reserved 1048576K
Event: 60.183 GC heap after
Heap after GC invocations=28 (full 6):
 PSYoungGen      total 751616K, used 217064K [0x000000076ab00000, 0x00000007ac880000, 0x00000007c0000000)
  eden space 507904K, 0% used [0x000000076ab00000,0x000000076ab00000,0x0000000789b00000)
  from space 243712K, 89% used [0x000000079a800000,0x00000007a7bfa088,0x00000007a9600000)
  to   space 275456K, 0% used [0x0000000789b00000,0x0000000789b00000,0x000000079a800000)
 ParOldGen       total 734720K, used 526626K [0x00000006c0000000, 0x00000006ecd80000, 0x000000076ab00000)
  object space 734720K, 71% used [0x00000006c0000000,0x00000006e0248920,0x00000006ecd80000)
 Metaspace       used 6672K, capacity 7384K, committed 7680K, reserved 1056768K
  class space    used 619K, capacity 656K, committed 768K, reserved 1048576K
}
Event: 64.713 GC heap before
{Heap before GC invocations=29 (full 6):
 PSYoungGen      total 751616K, used 724968K [0x000000076ab00000, 0x00000007ac880000, 0x00000007c0000000)
  eden space 507904K, 100% used [0x000000076ab00000,0x0000000789b00000,0x0000000789b00000)
  from space 243712K, 89% used [0x000000079a800000,0x00000007a7bfa088,0x00000007a9600000)
  to   space 275456K, 0% used [0x0000000789b00000,0x0000000789b00000,0x000000079a800000)
 ParOldGen       total 734720K, used 526626K [0x00000006c0000000, 0x00000006ecd80000, 0x000000076ab00000)
  object space 734720K, 71% used [0x00000006c0000000,0x00000006e0248920,0x00000006ecd80000)
 Metaspace       used 6675K, capacity 7384K, committed 7680K, reserved 1056768K
  class space    used 619K, capacity 656K, committed 768K, reserved 1048576K

