# JRE version: Java(TM) SE Runtime Environment (8.0_45-b14) (build 1.8.0_45-b14)
# Java VM: Java HotSpot(TM) 64-Bit Server VM (25.45-b02 mixed mode linux-amd64 compressed oops)
Heap:
 PSYoungGen      total 674304K, used 76302K [0x000000076ab00000, 0x00000007a1880000, 0x00000007c0000000)
  eden space 502784K, 0% used [0x000000076ab00000,0x000000076ab00000,0x0000000789600000)
  from space 171520K, 44% used [0x0000000794c00000,0x0000000799683828,0x000000079f380000)
  to   space 186368K, 0% used [0x0000000789600000,0x0000000789600000,0x0000000794c00000)
 ParOldGen       total 535040K, used 535039K [0x00000006c0000000, 0x00000006e0a80000, 0x000000076ab00000)
  object space 535040K, 99% used [0x00000006c0000000,0x00000006e0a7ff28,0x00000006e0a80000)
 Metaspace       used 6556K, capacity 7286K, committed 7552K, reserved 1056768K
  class space    used 610K, capacity 622K, committed 640K, reserved 1048576K
GC Heap History (10 events):
Event: 23.757 GC heap after
Heap after GC invocations=21 (full 4):
 PSYoungGen      total 528384K, used 61748K [0x000000076ab00000, 0x0000000795c00000, 0x00000007c0000000)
  eden space 408576K, 0% used [0x000000076ab00000,0x000000076ab00000,0x0000000783a00000)
  from space 119808K, 51% used [0x0000000783a00000,0x000000078764d1e8,0x000000078af00000)
  to   space 119296K, 0% used [0x000000078e780000,0x000000078e780000,0x0000000795c00000)
 ParOldGen       total 368640K, used 368147K [0x00000006c0000000, 0x00000006d6800000, 0x000000076ab00000)
  object space 368640K, 99% used [0x00000006c0000000,0x00000006d6784c68,0x00000006d6800000)
 Metaspace       used 6552K, capacity 7286K, committed 7552K, reserved 1056768K
  class space    used 610K, capacity 622K, committed 640K, reserved 1048576K
}
Event: 23.757 GC heap before
{Heap before GC invocations=22 (full 5):
 PSYoungGen      total 528384K, used 61748K [0x000000076ab00000, 0x0000000795c00000, 0x00000007c0000000)
  eden space 408576K, 0% used [0x000000076ab00000,0x000000076ab00000,0x0000000783a00000)
  from space 119808K, 51% used [0x0000000783a00000,0x000000078764d1e8,0x000000078af00000)
  to   space 119296K, 0% used [0x000000078e780000,0x000000078e780000,0x0000000795c00000)
 ParOldGen       total 368640K, used 368147K [0x00000006c0000000, 0x00000006d6800000, 0x000000076ab00000)
  object space 368640K, 99% used [0x00000006c0000000,0x00000006d6784c68,0x00000006d6800000)
 Metaspace       used 6552K, capacity 7286K, committed 7552K, reserved 1056768K
  class space    used 610K, capacity 622K, committed 640K, reserved 1048576K
Event: 26.368 GC heap after
Heap after GC invocations=22 (full 5):
 PSYoungGen      total 528384K, used 50209K [0x000000076ab00000, 0x0000000795c00000, 0x00000007c0000000)
  eden space 408576K, 0% used [0x000000076ab00000,0x000000076ab00000,0x0000000783a00000)
  from space 119808K, 41% used [0x0000000783a00000,0x0000000786b084d8,0x000000078af00000)
  to   space 119296K, 0% used [0x000000078e780000,0x000000078e780000,0x0000000795c00000)
 ParOldGen       total 535040K, used 368518K [0x00000006c0000000, 0x00000006e0a80000, 0x000000076ab00000)
  object space 535040K, 68% used [0x00000006c0000000,0x00000006d67e1bc0,0x00000006e0a80000)
 Metaspace       used 6552K, capacity 7286K, committed 7552K, reserved 1056768K
  class space    used 610K, capacity 622K, committed 640K, reserved 1048576K
}
Event: 28.291 GC heap before
{Heap before GC invocations=23 (full 5):
 PSYoungGen      total 528384K, used 458785K [0x000000076ab00000, 0x0000000795c00000, 0x00000007c0000000)
  eden space 408576K, 100% used [0x000000076ab00000,0x0000000783a00000,0x0000000783a00000)
  from space 119808K, 41% used [0x0000000783a00000,0x0000000786b084d8,0x000000078af00000)
  to   space 119296K, 0% used [0x000000078e780000,0x000000078e780000,0x0000000795c00000)
 ParOldGen       total 535040K, used 368518K [0x00000006c0000000, 0x00000006e0a80000, 0x000000076ab00000)
  object space 535040K, 68% used [0x00000006c0000000,0x00000006d67e1bc0,0x00000006e0a80000)
 Metaspace       used 6555K, capacity 7286K, committed 7552K, reserved 1056768K
  class space    used 610K, capacity 622K, committed 640K, reserved 1048576K
Event: 28.881 GC heap after
Heap after GC invocations=23 (full 5):
 PSYoungGen      total 570880K, used 106809K [0x000000076ab00000, 0x0000000797980000, 0x00000007c0000000)
  eden space 451584K, 0% used [0x000000076ab00000,0x000000076ab00000,0x0000000786400000)
  from space 119296K, 89% used [0x000000078e780000,0x0000000794fce608,0x0000000795c00000)
  to   space 134656K, 0% used [0x0000000786400000,0x0000000786400000,0x000000078e780000)
 ParOldGen       total 535040K, used 368526K [0x00000006c0000000, 0x00000006e0a80000, 0x000000076ab00000)
  object space 535040K, 68% used [0x00000006c0000000,0x00000006d67e3bc0,0x00000006e0a80000)
 Metaspace       used 6555K, capacity 7286K, committed 7552K, reserved 1056768K
  class space    used 610K, capacity 622K, committed 640K, reserved 1048576K
}
Event: 31.221 GC heap before
{Heap before GC invocations=24 (full 5):
 PSYoungGen      total 570880K, used 558393K [0x000000076ab00000, 0x0000000797980000, 0x00000007c0000000)
  eden space 451584K, 100% used [0x000000076ab00000,0x0000000786400000,0x0000000786400000)
  from space 119296K, 89% used [0x000000078e780000,0x0000000794fce608,0x0000000795c00000)
  to   space 134656K, 0% used [0x0000000786400000,0x0000000786400000,0x000000078e780000)
 ParOldGen       total 535040K, used 368526K [0x00000006c0000000, 0x00000006e0a80000, 0x000000076ab00000)
  object space 535040K, 68% used [0x00000006c0000000,0x00000006d67e3bc0,0x00000006e0a80000)
 Metaspace       used 6555K, capacity 7286K, committed 7552K, reserved 1056768K
  class space    used 610K, capacity 622K, committed 640K, reserved 1048576K
Event: 31.715 GC heap after
Heap after GC invocations=24 (full 5):
 PSYoungGen      total 586240K, used 134643K [0x000000076ab00000, 0x000000079f380000, 0x00000007c0000000)
  eden space 451584K, 0% used [0x000000076ab00000,0x000000076ab00000,0x0000000786400000)
  from space 134656K, 99% used [0x0000000786400000,0x000000078e77cdf0,0x000000078e780000)
  to   space 171520K, 0% used [0x0000000794c00000,0x0000000794c00000,0x000000079f380000)
 ParOldGen       total 535040K, used 407333K [0x00000006c0000000, 0x00000006e0a80000, 0x000000076ab00000)
  object space 535040K, 76% used [0x00000006c0000000,0x00000006d8dc97d0,0x00000006e0a80000)
 Metaspace       used 6555K, capacity 7286K, committed 7552K, reserved 1056768K
  class space    used 610K, capacity 622K, committed 640K, reserved 1048576K
}
Event: 34.173 GC heap before
{Heap before GC invocations=25 (full 5):
 PSYoungGen      total 586240K, used 586227K [0x000000076ab00000, 0x000000079f380000, 0x00000007c0000000)
  eden space 451584K, 100% used [0x000000076ab00000,0x0000000786400000,0x0000000786400000)
  from space 134656K, 99% used [0x0000000786400000,0x000000078e77cdf0,0x000000078e780000)
  to   space 171520K, 0% used [0x0000000794c00000,0x0000000794c00000,0x000000079f380000)
 ParOldGen       total 535040K, used 407333K [0x00000006c0000000, 0x00000006e0a80000, 0x000000076ab00000)
  object space 535040K, 76% used [0x00000006c0000000,0x00000006d8dc97d0,0x00000006e0a80000)
 Metaspace       used 6556K, capacity 7286K, committed 7552K, reserved 1056768K
  class space    used 610K, capacity 622K, committed 640K, reserved 1048576K
Event: 35.126 GC heap after
Heap after GC invocations=25 (full 5):
 PSYoungGen      total 674304K, used 132065K [0x000000076ab00000, 0x00000007a1880000, 0x00000007c0000000)
  eden space 502784K, 0% used [0x000000076ab00000,0x000000076ab00000,0x0000000789600000)
  from space 171520K, 76% used [0x0000000794c00000,0x000000079ccf8590,0x000000079f380000)
  to   space 186368K, 0% used [0x0000000789600000,0x0000000789600000,0x0000000794c00000)
 ParOldGen       total 535040K, used 484481K [0x00000006c0000000, 0x00000006e0a80000, 0x000000076ab00000)
  object space 535040K, 90% used [0x00000006c0000000,0x00000006dd920410,0x00000006e0a80000)
 Metaspace       used 6556K, capacity 7286K, committed 7552K, reserved 1056768K
  class space    used 610K, capacity 622K, committed 640K, reserved 1048576K
}
Event: 35.126 GC heap before
{Heap before GC invocations=26 (full 6):
 PSYoungGen      total 674304K, used 132065K [0x000000076ab00000, 0x00000007a1880000, 0x00000007c0000000)
  eden space 502784K, 0% used [0x000000076ab00000,0x000000076ab00000,0x0000000789600000)
  from space 171520K, 76% used [0x0000000794c00000,0x000000079ccf8590,0x000000079f380000)
  to   space 186368K, 0% used [0x0000000789600000,0x0000000789600000,0x0000000794c00000)
 ParOldGen       total 535040K, used 484481K [0x00000006c0000000, 0x00000006e0a80000, 0x000000076ab00000)
  object space 535040K, 90% used [0x00000006c0000000,0x00000006dd920410,0x00000006e0a80000)
 Metaspace       used 6556K, capacity 7286K, committed 7552K, reserved 1056768K
  class space    used 610K, capacity 622K, committed 640K, reserved 1048576K

